TN:
SF:knexfile.js
FN:11,afterCreate
FNF:1
FNH:1
FNDA:1,afterCreate
DA:1,1
DA:2,1
DA:3,1
DA:4,1
DA:5,1
DA:6,1
DA:7,1
DA:8,1
DA:9,1
DA:10,1
DA:11,1
DA:12,1
DA:13,1
DA:14,1
DA:15,1
DA:16,1
DA:17,1
DA:18,1
DA:19,1
DA:20,1
DA:21,1
DA:22,1
DA:23,1
DA:24,1
DA:25,1
DA:26,1
LF:26
LH:26
BRDA:11,0,0,1
BRF:1
BRH:1
end_of_record
TN:
SF:api\server.js
FNF:0
FNH:0
DA:1,1
DA:2,1
DA:3,1
DA:4,1
DA:5,1
DA:6,1
DA:7,1
DA:8,1
DA:9,1
DA:10,1
DA:11,1
DA:12,0
DA:13,1
DA:14,1
DA:15,1
DA:16,6
DA:17,6
DA:18,6
DA:19,6
DA:20,1
DA:21,1
DA:22,1
LF:22
LH:21
BRDA:15,0,0,6
BRDA:16,1,0,0
BRF:2
BRH:1
end_of_record
TN:
SF:api\students\students-middleware.js
FN:3,checkIdExists
FN:17,validatePostBody
FN:33,validatePutBody
FNF:3
FNH:3
FNDA:9,checkIdExists
FNDA:2,validatePostBody
FNDA:4,validatePutBody
DA:1,1
DA:2,1
DA:3,1
DA:4,9
DA:5,9
DA:6,9
DA:7,9
DA:8,3
DA:9,9
DA:10,6
DA:11,6
DA:12,6
DA:13,9
DA:14,9
DA:15,9
DA:16,1
DA:17,1
DA:18,2
DA:19,2
DA:20,2
DA:21,2
DA:22,2
DA:23,2
DA:24,1
DA:25,2
DA:26,1
DA:27,1
DA:28,1
DA:29,1
DA:30,1
DA:31,2
DA:32,1
DA:33,1
DA:34,4
DA:35,4
DA:36,2
DA:37,2
DA:38,2
DA:39,2
DA:40,2
DA:41,2
DA:42,2
DA:43,0
DA:44,2
DA:45,0
DA:46,0
DA:47,2
DA:48,2
DA:49,2
DA:50,2
DA:51,1
DA:52,2
DA:53,1
DA:54,1
DA:55,1
DA:56,1
DA:57,1
DA:58,1
DA:59,0
DA:60,0
DA:61,2
DA:62,4
DA:63,1
DA:64,1
LF:64
LH:59
BRDA:3,0,0,9
BRDA:6,1,0,9
BRDA:7,2,0,3
BRDA:9,3,0,6
BRDA:17,4,0,2
BRDA:20,5,0,1
BRDA:21,6,0,1
BRDA:22,7,0,1
BRDA:23,8,0,1
BRDA:25,9,0,1
BRDA:33,10,0,4
BRDA:35,11,0,3
BRDA:35,12,0,2
BRDA:39,13,0,1
BRDA:40,14,0,0
BRDA:41,15,0,0
BRDA:42,16,0,0
BRDA:44,17,0,0
BRDA:48,18,0,1
BRDA:49,19,0,1
BRDA:50,20,0,1
BRDA:52,21,0,1
BRDA:58,22,0,0
BRF:23
BRH:18
end_of_record
TN:
SF:api\students\students-model.js
FN:3,getAll
FN:7,getById
FN:11,insert
FN:16,remove
FN:22,update
FNF:5
FNH:5
FNDA:10,getAll
FNDA:17,getById
FNDA:2,insert
FNDA:2,remove
FNDA:3,update
DA:1,1
DA:2,1
DA:3,1
DA:4,10
DA:5,10
DA:6,1
DA:7,1
DA:8,17
DA:9,17
DA:10,1
DA:11,1
DA:12,2
DA:13,2
DA:14,2
DA:15,1
DA:16,1
DA:17,2
DA:18,2
DA:19,2
DA:20,2
DA:21,1
DA:22,1
DA:23,3
DA:24,3
DA:25,3
DA:26,3
DA:27,3
DA:28,1
DA:29,1
LF:29
LH:29
BRDA:3,0,0,10
BRDA:7,1,0,17
BRDA:11,2,0,2
BRDA:16,3,0,2
BRDA:22,4,0,3
BRF:5
BRH:5
end_of_record
TN:
SF:api\students\students-router.js
FNF:0
FNH:0
DA:1,1
DA:2,1
DA:3,1
DA:4,1
DA:5,1
DA:6,1
DA:7,1
DA:8,1
DA:9,1
DA:10,1
DA:11,1
DA:12,1
DA:13,1
DA:14,1
DA:15,1
DA:16,1
DA:17,1
DA:18,1
DA:19,1
DA:20,1
DA:21,1
DA:22,1
DA:23,1
DA:24,1
DA:25,1
DA:26,1
DA:27,1
DA:28,1
DA:29,1
DA:30,1
DA:31,1
DA:32,1
DA:33,1
DA:34,1
DA:35,1
DA:36,2
DA:37,2
DA:38,2
DA:39,2
DA:40,2
DA:41,1
DA:42,1
DA:43,1
LF:43
LH:43
BRDA:7,0,0,1
BRDA:9,1,0,1
BRDA:15,2,0,1
BRDA:19,3,0,1
BRDA:21,4,0,1
BRDA:27,5,0,1
BRDA:29,6,0,1
BRDA:35,7,0,2
BRDA:37,8,0,2
BRF:9
BRH:9
end_of_record
TN:
SF:data\db-config.js
FNF:0
FNH:0
DA:1,1
DA:2,1
DA:3,1
DA:4,1
DA:5,1
DA:6,1
DA:7,1
LF:7
LH:7
BRDA:5,0,0,0
BRF:1
BRH:0
end_of_record
TN:
SF:data\migrations\20230504185014_create-table.js
FN:5,Object.<anonymous>.exports.up
FN:17,Object.<anonymous>.exports.down
FNF:2
FNH:2
FNDA:1,Object.<anonymous>.exports.up
FNDA:1,Object.<anonymous>.exports.down
DA:1,1
DA:2,1
DA:3,1
DA:4,1
DA:5,1
DA:6,1
DA:7,1
DA:8,1
DA:9,1
DA:10,1
DA:11,1
DA:12,1
DA:13,1
DA:14,1
DA:15,1
DA:16,1
DA:17,1
DA:18,1
DA:19,1
LF:19
LH:19
BRDA:5,0,0,1
BRDA:6,1,0,1
BRDA:17,2,0,1
BRF:3
BRH:3
end_of_record
TN:
SF:data\seeds\01-students.js
FN:5,Object.<anonymous>.exports.seed
FNF:1
FNH:1
FNDA:12,Object.<anonymous>.exports.seed
DA:1,1
DA:2,1
DA:3,1
DA:4,1
DA:5,1
DA:6,12
DA:7,12
DA:8,12
DA:9,12
DA:10,12
DA:11,12
DA:12,12
DA:13,12
DA:14,12
DA:15,12
DA:16,12
DA:17,12
DA:18,12
DA:19,12
DA:20,12
DA:21,12
DA:22,12
LF:22
LH:22
BRDA:5,0,0,12
BRF:1
BRH:1
end_of_record
